#
# There is insufficient memory for the Java Runtime Environment to continue.
# Native memory allocation (malloc) failed to allocate 702176 bytes for Chunk::new
# Possible reasons:
#   The system is out of physical RAM or swap space
#   In 32 bit mode, the process size limit was hit
# Possible solutions:
#   Reduce memory load on the system
#   Increase physical memory or swap space
#   Check if swap backing store is full
#   Use 64 bit Java on a 64 bit OS
#   Decrease Java heap size (-Xmx/-Xms)
#   Decrease number of Java threads
#   Decrease Java thread stack sizes (-Xss)
#   Set larger code cache with -XX:ReservedCodeCacheSize=
# This output file may be truncated or incomplete.
#
#  Out of Memory Error (allocation.cpp:323), pid=11480, tid=6440
#
# JRE version: Java(TM) SE Runtime Environment (7.0_79-b15) (build 1.7.0_79-b15)
# Java VM: Java HotSpot(TM) 64-Bit Server VM (24.79-b02 mixed mode windows-amd64 compressed oops)
# Failed to write core dump. Minidumps are not enabled by default on client versions of Windows
#

---------------  T H R E A D  ---------------

Current thread (0x000000000a60b800):  JavaThread "C2 CompilerThread0" daemon [_thread_in_native, id=6440, stack(0x000000000bea0000,0x000000000bfa0000)]

Stack: [0x000000000bea0000,0x000000000bfa0000]

Current CompileTask:
C2:   3410  229             org.codehaus.plexus.util.xml.Xpp3DomBuilder::build (391 bytes)


---------------  P R O C E S S  ---------------

Java Threads: ( => current thread )
  0x000000000a60d000 JavaThread "Service Thread" daemon [_thread_blocked, id=10888, stack(0x000000000c0a0000,0x000000000c1a0000)]
  0x000000000a609000 JavaThread "C2 CompilerThread1" daemon [_thread_in_native, id=8184, stack(0x000000000bfa0000,0x000000000c0a0000)]
=>0x000000000a60b800 JavaThread "C2 CompilerThread0" daemon [_thread_in_native, id=6440, stack(0x000000000bea0000,0x000000000bfa0000)]
  0x000000000a602000 JavaThread "JDWP Command Reader" daemon [_thread_in_native, id=13656, stack(0x000000000bda0000,0x000000000bea0000)]
  0x000000000a5f5800 JavaThread "JDWP Event Helper Thread" daemon [_thread_blocked, id=6448, stack(0x000000000bca0000,0x000000000bda0000)]
  0x000000000a5ef800 JavaThread "JDWP Transport Listener: dt_socket" daemon [_thread_blocked, id=6724, stack(0x000000000bba0000,0x000000000bca0000)]
  0x000000000a5de800 JavaThread "Attach Listener" daemon [_thread_blocked, id=13536, stack(0x000000000ba40000,0x000000000bb40000)]
  0x000000000a5dc000 JavaThread "Signal Dispatcher" daemon [_thread_blocked, id=11200, stack(0x000000000b940000,0x000000000ba40000)]
  0x000000000a58f000 JavaThread "Finalizer" daemon [_thread_blocked, id=14256, stack(0x000000000b840000,0x000000000b940000)]
  0x000000000a586000 JavaThread "Reference Handler" daemon [_thread_blocked, id=13868, stack(0x000000000b740000,0x000000000b840000)]
  0x00000000029be000 JavaThread "main" [_thread_in_native, id=14540, stack(0x00000000023b0000,0x00000000024b0000)]

Other Threads:
  0x000000000a581800 VMThread [stack: 0x000000000b640000,0x000000000b740000] [id=8976]
  0x000000000a628000 WatcherThread [stack: 0x000000000c1a0000,0x000000000c2a0000] [id=7488]

VM state:not at safepoint (normal execution)

VM Mutex/Monitor currently owned by a thread: None

Heap
 PSYoungGen      total 34816K, used 33832K [0x00000000d9d00000, 0x00000000de100000, 0x0000000100000000)
  eden space 30208K, 96% used [0x00000000d9d00000,0x00000000db98c100,0x00000000dba80000)
  from space 4608K, 99% used [0x00000000dbf00000,0x00000000dc37e2e8,0x00000000dc380000)
  to   space 4608K, 0% used [0x00000000dba80000,0x00000000dba80000,0x00000000dbf00000)
 ParOldGen       total 77824K, used 2525K [0x000000008d800000, 0x0000000092400000, 0x00000000d9d00000)
  object space 77824K, 3% used [0x000000008d800000,0x000000008da77460,0x0000000092400000)
 PSPermGen       total 21504K, used 14930K [0x0000000088600000, 0x0000000089b00000, 0x000000008d800000)
  object space 21504K, 69% used [0x0000000088600000,0x0000000089494a38,0x0000000089b00000)

Card table byte_map: [0x0000000005a80000,0x0000000005e40000] byte_map_base: 0x000000000563d000

Polling page: 0x0000000000c10000

Code Cache  [0x00000000029c0000, 0x0000000002c30000, 0x00000000059c0000)
 total_blobs=518 nmethods=228 adapters=251 free_code_cache=48137Kb largest_free_block=49222016

Compilation events (10 events):
Event: 3.343 Thread 0x000000000a60b800 nmethod 224 0x0000000002aba710 code [0x0000000002abaa60, 0x0000000002abcd20]
Event: 3.343 Thread 0x000000000a60b800  225             org.apache.maven.plugin.descriptor.Parameter::getName (5 bytes)
Event: 3.344 Thread 0x000000000a60b800 nmethod 225 0x0000000002ab3c50 code [0x0000000002ab3d80, 0x0000000002ab3dd8]
Event: 3.344 Thread 0x000000000a60b800  226             java.util.LinkedHashMap::access$100 (5 bytes)
Event: 3.344 Thread 0x000000000a60b800 nmethod 226 0x0000000002aa76d0 code [0x0000000002aa7800, 0x0000000002aa7878]
Event: 3.344 Thread 0x000000000a60b800  227             java.lang.reflect.Modifier::isStatic (13 bytes)
Event: 3.345 Thread 0x000000000a60b800 nmethod 227 0x0000000002aa74d0 code [0x0000000002aa7600, 0x0000000002aa7658]
Event: 3.345 Thread 0x000000000a60b800  228             java.util.HashMap$HashIterator::hasNext (13 bytes)
Event: 3.345 Thread 0x000000000a60b800 nmethod 228 0x0000000002ab3110 code [0x0000000002ab3240, 0x0000000002ab3298]
Event: 3.345 Thread 0x000000000a60b800  229             org.codehaus.plexus.util.xml.Xpp3DomBuilder::build (391 bytes)

GC Heap History (4 events):
Event: 1.292 GC heap before
{Heap before GC invocations=1 (full 0):
 PSYoungGen      total 34816K, used 30208K [0x00000000d9d00000, 0x00000000dc380000, 0x0000000100000000)
  eden space 30208K, 100% used [0x00000000d9d00000,0x00000000dba80000,0x00000000dba80000)
  from space 4608K, 0% used [0x00000000dbf00000,0x00000000dbf00000,0x00000000dc380000)
  to   space 4608K, 0% used [0x00000000dba80000,0x00000000dba80000,0x00000000dbf00000)
 ParOldGen       total 77824K, used 0K [0x000000008d800000, 0x0000000092400000, 0x00000000d9d00000)
  object space 77824K, 0% used [0x000000008d800000,0x000000008d800000,0x0000000092400000)
 PSPermGen       total 21504K, used 8082K [0x0000000088600000, 0x0000000089b00000, 0x000000008d800000)
  object space 21504K, 37% used [0x0000000088600000,0x0000000088de48b0,0x0000000089b00000)
Event: 1.301 GC heap after
Heap after GC invocations=1 (full 0):
 PSYoungGen      total 34816K, used 4604K [0x00000000d9d00000, 0x00000000dc380000, 0x0000000100000000)
  eden space 30208K, 0% used [0x00000000d9d00000,0x00000000d9d00000,0x00000000dba80000)
  from space 4608K, 99% used [0x00000000dba80000,0x00000000dbeff3a8,0x00000000dbf00000)
  to   space 4608K, 0% used [0x00000000dbf00000,0x00000000dbf00000,0x00000000dc380000)
 ParOldGen       total 77824K, used 96K [0x000000008d800000, 0x0000000092400000, 0x00000000d9d00000)
  object space 77824K, 0% used [0x000000008d800000,0x000000008d818238,0x0000000092400000)
 PSPermGen       total 21504K, used 8082K [0x0000000088600000, 0x0000000089b00000, 0x000000008d800000)
  object space 21504K, 37% used [0x0000000088600000,0x0000000088de48b0,0x0000000089b00000)
}
Event: 2.057 GC heap before
{Heap before GC invocations=2 (full 0):
 PSYoungGen      total 34816K, used 34812K [0x00000000d9d00000, 0x00000000dc380000, 0x0000000100000000)
  eden space 30208K, 100% used [0x00000000d9d00000,0x00000000dba80000,0x00000000dba80000)
  from space 4608K, 99% used [0x00000000dba80000,0x00000000dbeff3a8,0x00000000dbf00000)
  to   space 4608K, 0% used [0x00000000dbf00000,0x00000000dbf00000,0x00000000dc380000)
 ParOldGen       total 77824K, used 96K [0x000000008d800000, 0x0000000092400000, 0x00000000d9d00000)
  object space 77824K, 0% used [0x000000008d800000,0x000000008d818238,0x0000000092400000)
 PSPermGen       total 21504K, used 12056K [0x0000000088600000, 0x0000000089b00000, 0x000000008d800000)
  object space 21504K, 56% used [0x0000000088600000,0x00000000891c6228,0x0000000089b00000)
Event: 2.068 GC heap after
Heap after GC invocations=2 (full 0):
 PSYoungGen      total 34816K, used 4600K [0x00000000d9d00000, 0x00000000de100000, 0x0000000100000000)
  eden space 30208K, 0% used [0x00000000d9d00000,0x00000000d9d00000,0x00000000dba80000)
  from space 4608K, 99% used [0x00000000dbf00000,0x00000000dc37e2e8,0x00000000dc380000)
  to   space 4608K, 0% used [0x00000000dba80000,0x00000000dba80000,0x00000000dbf00000)
 ParOldGen       total 77824K, used 2525K [0x000000008d800000, 0x0000000092400000, 0x00000000d9d00000)
  object space 77824K, 3% used [0x000000008d800000,0x000000008da77460,0x0000000092400000)
 PSPermGen       total 21504K, used 12056K [0x0000000088600000, 0x0000000089b00000, 0x000000008d800000)
  object space 21504K, 56% used [0x0000000088600000,0x00000000891c6228,0x0000000089b00000)
}

Deoptimization events (10 events):
Event: 2.807 Thread 0x00000000029be000 Uncommon trap: reason=bimorphic action=maybe_recompile pc=0x0000000002a86a48 method=java.util.Properties$LineReader.readLine()I @ 62
Event: 2.820 Thread 0x00000000029be000 Uncommon trap: reason=range_check action=none pc=0x0000000002a5b38c method=sun.reflect.generics.parser.SignatureParser.current()C @ 34
Event: 3.067 Thread 0x00000000029be000 Uncommon trap: reason=unreached action=reinterpret pc=0x0000000002aa0c6c method=java.lang.reflect.AccessibleObject.setAccessible0(Ljava/lang/reflect/AccessibleObject;Z)V @ 4
Event: 3.067 Thread 0x00000000029be000 Uncommon trap: reason=unreached action=reinterpret pc=0x0000000002aa0970 method=java.lang.reflect.AccessibleObject.setAccessible0(Ljava/lang/reflect/AccessibleObject;Z)V @ 4
Event: 3.230 Thread 0x00000000029be000 Uncommon trap: reason=unreached action=reinterpret pc=0x0000000002aa405c method=java.lang.reflect.Field.getFieldAccessor(Ljava/lang/Object;)Lsun/reflect/FieldAccessor; @ 22
Event: 3.239 Thread 0x00000000029be000 Uncommon trap: reason=class_check action=maybe_recompile pc=0x0000000002a5026c method=sun.nio.cs.UTF_8.updatePositions(Ljava/nio/Buffer;ILjava/nio/Buffer;I)V @ 3
Event: 3.239 Thread 0x00000000029be000 Uncommon trap: reason=class_check action=maybe_recompile pc=0x0000000002a5026c method=sun.nio.cs.UTF_8.updatePositions(Ljava/nio/Buffer;ILjava/nio/Buffer;I)V @ 3
Event: 3.319 Thread 0x00000000029be000 Uncommon trap: reason=unreached action=reinterpret pc=0x0000000002a69b78 method=java.util.HashMap.get(Ljava/lang/Object;)Ljava/lang/Object; @ 1
Event: 3.323 Thread 0x00000000029be000 Uncommon trap: reason=unreached action=reinterpret pc=0x0000000002a3e720 method=java.util.HashMap.getEntry(Ljava/lang/Object;)Ljava/util/HashMap$Entry; @ 10
Event: 3.323 Thread 0x00000000029be000 Uncommon trap: reason=unreached action=reinterpret pc=0x0000000002a76800 method=java.util.HashMap.put(Ljava/lang/Object;Ljava/lang/Object;)Ljava/lang/Object; @ 19

Internal exceptions (10 events):
Event: 3.348 Thread 0x00000000029be000 Threw 0x00000000db8bc640 at C:\re\jdk7u79\2331\hotspot\src\share\vm\prims\jvm.cpp:1304
Event: 3.348 Thread 0x00000000029be000 Threw 0x00000000db8bccf8 at C:\re\jdk7u79\2331\hotspot\src\share\vm\prims\jvm.cpp:1304
Event: 3.349 Thread 0x00000000029be000 Threw 0x00000000db8bf4a0 at C:\re\jdk7u79\2331\hotspot\src\share\vm\prims\jvm.cpp:1304
Event: 3.349 Thread 0x00000000029be000 Threw 0x00000000db8bfc50 at C:\re\jdk7u79\2331\hotspot\src\share\vm\prims\jvm.cpp:1304
Event: 3.350 Thread 0x00000000029be000 Threw 0x00000000db8c4a50 at C:\re\jdk7u79\2331\hotspot\src\share\vm\prims\jvm.cpp:1304
Event: 3.350 Thread 0x00000000029be000 Threw 0x00000000db8c51a0 at C:\re\jdk7u79\2331\hotspot\src\share\vm\prims\jvm.cpp:1304
Event: 3.351 Thread 0x00000000029be000 Threw 0x00000000db8c91c8 at C:\re\jdk7u79\2331\hotspot\src\share\vm\prims\jvm.cpp:1304
Event: 3.351 Thread 0x00000000029be000 Threw 0x00000000db8c98f8 at C:\re\jdk7u79\2331\hotspot\src\share\vm\prims\jvm.cpp:1304
Event: 3.351 Thread 0x00000000029be000 Threw 0x00000000db8cda28 at C:\re\jdk7u79\2331\hotspot\src\share\vm\prims\jvm.cpp:1304
Event: 3.351 Thread 0x00000000029be000 Threw 0x00000000db8ce1d0 at C:\re\jdk7u79\2331\hotspot\src\share\vm\prims\jvm.cpp:1304

Events (10 events):
Event: 3.348 loading class 0x000000000d0fc670
Event: 3.348 loading class 0x000000000d0fc670 done
Event: 3.349 loading class 0x000000000cfaae80
Event: 3.349 loading class 0x000000000cfaae80 done
Event: 3.350 loading class 0x000000000c9aad90
Event: 3.350 loading class 0x000000000c9aad90 done
Event: 3.351 loading class 0x000000000c9aade0
Event: 3.351 loading class 0x000000000c9aade0 done
Event: 3.351 loading class 0x000000000cfaefc0
Event: 3.351 loading class 0x000000000cfaefc0 done


Dynamic libraries:
0x00007ff7be6d0000 - 0x00007ff7be703000 	D:\Software\java\jdk1.7.0_79\bin\javaw.exe
0x00007ff96b030000 - 0x00007ff96b202000 	C:\Windows\SYSTEM32\ntdll.dll
0x00007ff96aa00000 - 0x00007ff96aaac000 	C:\Windows\System32\KERNEL32.DLL
0x00007ff968100000 - 0x00007ff96831d000 	C:\Windows\System32\KERNELBASE.dll
0x00007ff968900000 - 0x00007ff9689a2000 	C:\Windows\System32\ADVAPI32.dll
0x00007ff96aef0000 - 0x00007ff96af8e000 	C:\Windows\System32\msvcrt.dll
0x00007ff968f90000 - 0x00007ff968fe9000 	C:\Windows\System32\sechost.dll
0x00007ff96a510000 - 0x00007ff96a631000 	C:\Windows\System32\RPCRT4.dll
0x00007ff96a640000 - 0x00007ff96a7a5000 	C:\Windows\System32\USER32.dll
0x00007ff968040000 - 0x00007ff96805e000 	C:\Windows\System32\win32u.dll
0x00007ff968eb0000 - 0x00007ff968ee4000 	C:\Windows\System32\GDI32.dll
0x00007ff9675e0000 - 0x00007ff967760000 	C:\Windows\System32\gdi32full.dll
0x00007ff95f1f0000 - 0x00007ff95f46a000 	C:\Windows\WinSxS\amd64_microsoft.windows.common-controls_6595b64144ccf1df_6.0.14393.953_none_42151e83c686086b\COMCTL32.dll
0x00007ff968a20000 - 0x00007ff968ce8000 	C:\Windows\System32\combase.dll
0x00007ff967f40000 - 0x00007ff968035000 	C:\Windows\System32\ucrtbase.dll
0x00007ff968380000 - 0x00007ff9683ea000 	C:\Windows\System32\bcryptPrimitives.dll
0x00007ff968ef0000 - 0x00007ff968f1e000 	C:\Windows\System32\IMM32.DLL
0x0000000054c40000 - 0x0000000054d12000 	D:\Software\java\jdk1.7.0_79\jre\bin\msvcr100.dll
0x0000000054460000 - 0x0000000054c35000 	D:\Software\java\jdk1.7.0_79\jre\bin\server\jvm.dll
0x00007ff96aab0000 - 0x00007ff96aab8000 	C:\Windows\System32\PSAPI.DLL
0x00007ff9648c0000 - 0x00007ff9648e3000 	C:\Windows\SYSTEM32\WINMM.dll
0x00007ff9632c0000 - 0x00007ff9632c9000 	C:\Windows\SYSTEM32\WSOCK32.dll
0x00007ff9689b0000 - 0x00007ff968a1a000 	C:\Windows\System32\WS2_32.dll
0x0000000000c40000 - 0x0000000000c6b000 	C:\Windows\SYSTEM32\WINMMBASE.dll
0x00007ff967ef0000 - 0x00007ff967f32000 	C:\Windows\System32\cfgmgr32.dll
0x0000000054450000 - 0x000000005445f000 	D:\Software\java\jdk1.7.0_79\jre\bin\verify.dll
0x0000000054420000 - 0x0000000054448000 	D:\Software\java\jdk1.7.0_79\jre\bin\java.dll
0x00000000543e0000 - 0x0000000054415000 	D:\Software\java\jdk1.7.0_79\jre\bin\jdwp.dll
0x00000000543d0000 - 0x00000000543d8000 	D:\Software\java\jdk1.7.0_79\jre\bin\npt.dll
0x00000000543b0000 - 0x00000000543c5000 	D:\Software\java\jdk1.7.0_79\jre\bin\zip.dll
0x00000000543a0000 - 0x00000000543a9000 	D:\Software\java\jdk1.7.0_79\jre\bin\dt_socket.dll
0x00007ff95c700000 - 0x00007ff95c71c000 	C:\Windows\system32\PrxerNsp.dll
0x00007ff966da0000 - 0x00007ff966dfc000 	C:\Windows\System32\mswsock.dll
0x00007ff966b60000 - 0x00007ff966c01000 	C:\Windows\SYSTEM32\DNSAPI.dll
0x00007ff968f20000 - 0x00007ff968f28000 	C:\Windows\System32\NSI.dll
0x00007ff966b20000 - 0x00007ff966b58000 	C:\Windows\SYSTEM32\IPHLPAPI.DLL
0x00007ff95ba10000 - 0x00007ff95ba26000 	C:\Windows\system32\napinsp.dll
0x00007ff95b9f0000 - 0x00007ff95ba0a000 	C:\Windows\system32\pnrpnsp.dll
0x00007ff962470000 - 0x00007ff962488000 	C:\Windows\system32\NLAapi.dll
0x00007ff95ba30000 - 0x00007ff95ba3e000 	C:\Windows\System32\winrnr.dll
0x00007ff95ba40000 - 0x00007ff95ba55000 	C:\Windows\System32\wshbth.dll
0x00007ff95d2f0000 - 0x00007ff95d35a000 	C:\Windows\System32\fwpuclnt.dll
0x00007ff967050000 - 0x00007ff96707b000 	C:\Windows\SYSTEM32\bcrypt.dll
0x00007ff95c150000 - 0x00007ff95c15a000 	C:\Windows\System32\rasadhlp.dll
0x0000000054380000 - 0x000000005439a000 	D:\Software\java\jdk1.7.0_79\jre\bin\net.dll
0x0000000054360000 - 0x0000000054371000 	D:\Software\java\jdk1.7.0_79\jre\bin\nio.dll

VM Arguments:
jvm_args: -agentlib:jdwp=transport=dt_socket,suspend=y,address=localhost:61253 -Dmaven.home=D:\Software\apache-maven-3.3.9 -Dclassworlds.conf=E:\ChuanZhi\mall\.metadata\.plugins\org.eclipse.m2e.launching\launches\m2conf5448298658853767585.tmp -Dmaven.multiModuleProjectDirectory=E:\ChuanZhi\mall\e3-sso-web -Dfile.encoding=UTF-8 
java_command: org.codehaus.plexus.classworlds.launcher.Launcher -B -s D:\Software\apache-maven-3.3.9\conf\settings.xml clean tomcat7:run
Launcher Type: SUN_STANDARD

Environment Variables:
JAVA_HOME=D:\Software\java\jdk1.7.0_79
PATH=D:\Software\java\jdk1.7.0_79\jre\bin;D:\Program Files\Python36\Scripts\;D:\Program Files\Python36\;D:\app\FANTASY\product\11.2.0\dbhome_1\bin;C:\Windows\system32;C:\Windows;C:\Windows\System32\Wbem;C:\Windows\System32\WindowsPowerShell\v1.0\;D:\Software\java\jdk1.7.0_79\bin;D:\Software\apache-maven-3.3.9\bin;C:\shortcut;C:\Program Files\MySQL\MySQL Server 5.6\bin;4.940656E-324RLANG_HOME\bin;D:\Program Files\Git\cmd;7.023600E-315RLANG_HOME\bin;D:\Program Files\RabbitMQ Server\rabbitmq_server-3.7.4\sbin;C:\Users\FANTASY\AppData\Local\Microsoft\WindowsApps;
USERNAME=FANTASY
OS=Windows_NT
PROCESSOR_IDENTIFIER=AMD64 Family 21 Model 19 Stepping 1, AuthenticAMD



---------------  S Y S T E M  ---------------

OS: Windows 8.1 , 64 bit Build 9600 

CPU:total 4 (4 cores per cpu, 1 threads per core) family 21 model 19 stepping 1, cmov, cx8, fxsr, mmx, sse, sse2, sse3, ssse3, sse4.1, sse4.2, popcnt, avx, aes, mmxext, 3dnowpref, lzcnt, sse4a, tsc, tscinvbit, tscinv

Memory: 4k page, physical 7496452k(1599660k free), swap 13876172k(6560k free)

vm_info: Java HotSpot(TM) 64-Bit Server VM (24.79-b02) for windows-amd64 JRE (1.7.0_79-b15), built on Apr 10 2015 12:36:16 by "java_re" with unknown MS VC++:1600

time: Sun Apr 29 19:07:05 2018
elapsed time: 3 seconds

