#
# There is insufficient memory for the Java Runtime Environment to continue.
# Native memory allocation (malloc) failed to allocate 32744 bytes for ChunkPool::allocate
# Possible reasons:
#   The system is out of physical RAM or swap space
#   In 32 bit mode, the process size limit was hit
# Possible solutions:
#   Reduce memory load on the system
#   Increase physical memory or swap space
#   Check if swap backing store is full
#   Use 64 bit Java on a 64 bit OS
#   Decrease Java heap size (-Xmx/-Xms)
#   Decrease number of Java threads
#   Decrease Java thread stack sizes (-Xss)
#   Set larger code cache with -XX:ReservedCodeCacheSize=
# This output file may be truncated or incomplete.
#
#  Out of Memory Error (allocation.cpp:211), pid=5772, tid=8972
#
# JRE version: Java(TM) SE Runtime Environment (7.0_79-b15) (build 1.7.0_79-b15)
# Java VM: Java HotSpot(TM) 64-Bit Server VM (24.79-b02 mixed mode windows-amd64 compressed oops)
# Failed to write core dump. Minidumps are not enabled by default on client versions of Windows
#

---------------  T H R E A D  ---------------

Current thread (0x000000000a5dc000):  JavaThread "C2 CompilerThread1" daemon [_thread_in_native, id=8972, stack(0x000000000bfd0000,0x000000000c0d0000)]

Stack: [0x000000000bfd0000,0x000000000c0d0000]

Current CompileTask:
C2: 274035 1023   !         sun.nio.ch.WindowsSelectorImpl$SubSelector::processFDSet (374 bytes)


---------------  P R O C E S S  ---------------

Java Threads: ( => current thread )
  0x000000000d717000 JavaThread "DubboResponseTimeoutScanTimer" daemon [_thread_blocked, id=11512, stack(0x0000000012e70000,0x0000000012f70000)]
  0x000000000d712000 JavaThread "http-bio-8090-AsyncTimeout" daemon [_thread_blocked, id=13932, stack(0x0000000012b70000,0x0000000012c70000)]
  0x000000000d711000 JavaThread "http-bio-8090-Acceptor-0" daemon [_thread_in_native, id=4364, stack(0x0000000012a70000,0x0000000012b70000)]
  0x000000000d710800 JavaThread "ContainerBackgroundProcessor[StandardEngine[Tomcat]]" daemon [_thread_blocked, id=3132, stack(0x0000000012970000,0x0000000012a70000)]
  0x000000000d715800 JavaThread "dubbo-remoting-client-heartbeat-thread-2" daemon [_thread_blocked, id=8848, stack(0x0000000012770000,0x0000000012870000)]
  0x000000000ef63800 JavaThread "DubboClientReconnectTimer-thread-2" daemon [_thread_blocked, id=14824, stack(0x0000000012570000,0x0000000012670000)]
  0x000000000ef68800 JavaThread "dubbo-remoting-client-heartbeat-thread-1" daemon [_thread_blocked, id=1932, stack(0x0000000012470000,0x0000000012570000)]
  0x000000000ef67000 JavaThread "Hashed wheel timer #1" [_thread_in_vm, id=8448, stack(0x0000000012270000,0x0000000012370000)]
  0x000000000ef65800 JavaThread "DubboClientReconnectTimer-thread-1" daemon [_thread_blocked, id=8452, stack(0x0000000012170000,0x0000000012270000)]
  0x000000000ef65000 JavaThread "New I/O boss #6" daemon [_thread_in_native, id=13852, stack(0x0000000012070000,0x0000000012170000)]
  0x000000000ef66800 JavaThread "New I/O worker #5" daemon [_thread_in_native, id=13856, stack(0x0000000011f70000,0x0000000012070000)]
  0x000000000ef62000 JavaThread "New I/O worker #4" daemon [_thread_in_native, id=9608, stack(0x0000000011e70000,0x0000000011f70000)]
  0x000000000ef68000 JavaThread "New I/O worker #3" daemon [_thread_in_native, id=9784, stack(0x0000000011d70000,0x0000000011e70000)]
  0x000000000ef6a000 JavaThread "New I/O worker #2" daemon [_thread_in_native, id=9456, stack(0x0000000011c70000,0x0000000011d70000)]
  0x000000000c882000 JavaThread "New I/O worker #1" daemon [_thread_in_native, id=5152, stack(0x0000000011b70000,0x0000000011c70000)]
  0x000000000f0d0800 JavaThread "DubboSaveRegistryCache-thread-1" daemon [_thread_blocked, id=10700, stack(0x0000000010a90000,0x0000000010b90000)]
  0x000000000f8c2800 JavaThread "localhost-startStop-1-EventThread" daemon [_thread_blocked, id=7772, stack(0x0000000010890000,0x0000000010990000)]
  0x000000000f238800 JavaThread "localhost-startStop-1-SendThread(192.168.9.10:2181)" daemon [_thread_in_native, id=10924, stack(0x0000000010790000,0x0000000010890000)]
  0x000000000ec9d800 JavaThread "ZkClient-EventThread-19-192.168.9.10:2181" daemon [_thread_blocked, id=5172, stack(0x0000000010690000,0x0000000010790000)]
  0x000000000e6b3800 JavaThread "DubboRegistryFailedRetryTimer-thread-1" daemon [_thread_blocked, id=5824, stack(0x0000000010590000,0x0000000010690000)]
  0x000000000dd4b800 JavaThread "Thread-2" daemon [_thread_in_native, id=4984, stack(0x0000000010490000,0x0000000010590000)]
  0x000000000a5dd000 JavaThread "Service Thread" daemon [_thread_blocked, id=10164, stack(0x000000000c0d0000,0x000000000c1d0000)]
=>0x000000000a5dc000 JavaThread "C2 CompilerThread1" daemon [_thread_in_native, id=8972, stack(0x000000000bfd0000,0x000000000c0d0000)]
  0x000000000a5da800 JavaThread "C2 CompilerThread0" daemon [_thread_blocked, id=10908, stack(0x000000000bed0000,0x000000000bfd0000)]
  0x000000000a5c6800 JavaThread "JDWP Command Reader" daemon [_thread_in_native, id=8532, stack(0x000000000bdd0000,0x000000000bed0000)]
  0x000000000a5c3800 JavaThread "JDWP Event Helper Thread" daemon [_thread_blocked, id=8060, stack(0x000000000bcd0000,0x000000000bdd0000)]
  0x000000000a5b5000 JavaThread "JDWP Transport Listener: dt_socket" daemon [_thread_blocked, id=3096, stack(0x000000000bb20000,0x000000000bc20000)]
  0x000000000a5ae800 JavaThread "Attach Listener" daemon [_thread_blocked, id=15312, stack(0x000000000ba20000,0x000000000bb20000)]
  0x000000000a5ac000 JavaThread "Signal Dispatcher" daemon [_thread_blocked, id=4368, stack(0x000000000b920000,0x000000000ba20000)]
  0x000000000a55f000 JavaThread "Finalizer" daemon [_thread_blocked, id=14144, stack(0x000000000b820000,0x000000000b920000)]
  0x000000000a556000 JavaThread "Reference Handler" daemon [_thread_blocked, id=12380, stack(0x000000000b720000,0x000000000b820000)]
  0x0000000000d7e000 JavaThread "main" [_thread_blocked, id=7372, stack(0x0000000000c70000,0x0000000000d70000)]

Other Threads:
  0x000000000a551800 VMThread [stack: 0x000000000b620000,0x000000000b720000] [id=12216]
  0x000000000a5d7800 WatcherThread [stack: 0x000000000c1d0000,0x000000000c2d0000] [id=5956]

VM state:not at safepoint (normal execution)

VM Mutex/Monitor currently owned by a thread: None

Heap
 PSYoungGen      total 257024K, used 208665K [0x00000000d9d00000, 0x00000000ebd00000, 0x0000000100000000)
  eden space 225792K, 78% used [0x00000000d9d00000,0x00000000e4a4bef8,0x00000000e7980000)
  from space 31232K, 99% used [0x00000000e7980000,0x00000000e97fa520,0x00000000e9800000)
  to   space 24576K, 0% used [0x00000000e9800000,0x00000000e9800000,0x00000000eb000000)
 ParOldGen       total 124928K, used 69953K [0x000000008d800000, 0x0000000095200000, 0x00000000d9d00000)
  object space 124928K, 55% used [0x000000008d800000,0x0000000091c507c0,0x0000000095200000)
 PSPermGen       total 53760K, used 44639K [0x0000000088600000, 0x000000008ba80000, 0x000000008d800000)
  object space 53760K, 83% used [0x0000000088600000,0x000000008b197c28,0x000000008ba80000)

Card table byte_map: [0x00000000059f0000,0x0000000005db0000] byte_map_base: 0x00000000055ad000

Polling page: 0x0000000000820000

Code Cache  [0x0000000002930000, 0x0000000002c90000, 0x0000000005930000)
 total_blobs=1332 nmethods=924 adapters=368 free_code_cache=45831Kb largest_free_block=46828800

Compilation events (10 events):
Event: 95.042 Thread 0x000000000a5dc000 nmethod 1018 0x0000000002b57ad0 code [0x0000000002b57c20, 0x0000000002b57db8]
Event: 159.023 Thread 0x000000000a5da800 1019             java.util.concurrent.ConcurrentHashMap::segmentAt (31 bytes)
Event: 159.024 Thread 0x000000000a5da800 nmethod 1019 0x0000000002b57890 code [0x0000000002b579c0, 0x0000000002b57a38]
Event: 172.243 Thread 0x000000000a5da800 1020             org.jboss.netty.util.internal.ConcurrentIdentityHashMap$HashIterator::advance (141 bytes)
Event: 172.262 Thread 0x000000000a5da800 nmethod 1020 0x0000000002c72890 code [0x0000000002c729e0, 0x0000000002c72e58]
Event: 255.484 Thread 0x000000000a5dc000 1021             java.util.HashSet::isEmpty (8 bytes)
Event: 255.485 Thread 0x000000000a5dc000 nmethod 1021 0x0000000002b6fd90 code [0x0000000002b6fec0, 0x0000000002b6ff58]
Event: 273.750 Thread 0x000000000a5da800 1022             java.util.concurrent.atomic.AtomicBoolean::get (13 bytes)
Event: 273.751 Thread 0x000000000a5da800 nmethod 1022 0x0000000002bd4c10 code [0x0000000002bd4d40, 0x0000000002bd4d98]
Event: 273.922 Thread 0x000000000a5dc000 1023   !         sun.nio.ch.WindowsSelectorImpl$SubSelector::processFDSet (374 bytes)

GC Heap History (10 events):
Event: 9.043 GC heap before
{Heap before GC invocations=8 (full 0):
 PSYoungGen      total 131072K, used 131065K [0x00000000d9d00000, 0x00000000eb000000, 0x0000000100000000)
  eden space 116224K, 100% used [0x00000000d9d00000,0x00000000e0e80000,0x00000000e0e80000)
  from space 14848K, 99% used [0x00000000e0e80000,0x00000000e1cfe780,0x00000000e1d00000)
  to   space 24576K, 0% used [0x00000000e9800000,0x00000000e9800000,0x00000000eb000000)
 ParOldGen       total 77824K, used 32989K [0x000000008d800000, 0x0000000092400000, 0x00000000d9d00000)
  object space 77824K, 42% used [0x000000008d800000,0x000000008f8375e8,0x0000000092400000)
 PSPermGen       total 27136K, used 26843K [0x0000000088600000, 0x000000008a080000, 0x000000008d800000)
  object space 27136K, 98% used [0x0000000088600000,0x000000008a036e98,0x000000008a080000)
Event: 9.081 GC heap after
Heap after GC invocations=8 (full 0):
 PSYoungGen      total 250368K, used 24568K [0x00000000d9d00000, 0x00000000ebd00000, 0x0000000100000000)
  eden space 225792K, 0% used [0x00000000d9d00000,0x00000000d9d00000,0x00000000e7980000)
  from space 24576K, 99% used [0x00000000e9800000,0x00000000eaffe228,0x00000000eb000000)
  to   space 31232K, 0% used [0x00000000e7980000,0x00000000e7980000,0x00000000e9800000)
 ParOldGen       total 77824K, used 38707K [0x000000008d800000, 0x0000000092400000, 0x00000000d9d00000)
  object space 77824K, 49% used [0x000000008d800000,0x000000008fdccc88,0x0000000092400000)
 PSPermGen       total 27136K, used 26843K [0x0000000088600000, 0x000000008a080000, 0x000000008d800000)
  object space 27136K, 98% used [0x0000000088600000,0x000000008a036e98,0x000000008a080000)
}
Event: 10.179 GC heap before
{Heap before GC invocations=9 (full 0):
 PSYoungGen      total 250368K, used 250360K [0x00000000d9d00000, 0x00000000ebd00000, 0x0000000100000000)
  eden space 225792K, 100% used [0x00000000d9d00000,0x00000000e7980000,0x00000000e7980000)
  from space 24576K, 99% used [0x00000000e9800000,0x00000000eaffe228,0x00000000eb000000)
  to   space 31232K, 0% used [0x00000000e7980000,0x00000000e7980000,0x00000000e9800000)
 ParOldGen       total 77824K, used 38707K [0x000000008d800000, 0x0000000092400000, 0x00000000d9d00000)
  object space 77824K, 49% used [0x000000008d800000,0x000000008fdccc88,0x0000000092400000)
 PSPermGen       total 27136K, used 26853K [0x0000000088600000, 0x000000008a080000, 0x000000008d800000)
  object space 27136K, 98% used [0x0000000088600000,0x000000008a039708,0x000000008a080000)
Event: 10.221 GC heap after
Heap after GC invocations=9 (full 0):
 PSYoungGen      total 257024K, used 31210K [0x00000000d9d00000, 0x00000000ebd00000, 0x0000000100000000)
  eden space 225792K, 0% used [0x00000000d9d00000,0x00000000d9d00000,0x00000000e7980000)
  from space 31232K, 99% used [0x00000000e7980000,0x00000000e97faa50,0x00000000e9800000)
  to   space 24576K, 0% used [0x00000000e9800000,0x00000000e9800000,0x00000000eb000000)
 ParOldGen       total 77824K, used 47283K [0x000000008d800000, 0x0000000092400000, 0x00000000d9d00000)
  object space 77824K, 60% used [0x000000008d800000,0x000000009062cd38,0x0000000092400000)
 PSPermGen       total 27136K, used 26853K [0x0000000088600000, 0x000000008a080000, 0x000000008d800000)
  object space 27136K, 98% used [0x0000000088600000,0x000000008a039708,0x000000008a080000)
}
Event: 11.065 GC heap before
{Heap before GC invocations=10 (full 0):
 PSYoungGen      total 257024K, used 257002K [0x00000000d9d00000, 0x00000000ebd00000, 0x0000000100000000)
  eden space 225792K, 100% used [0x00000000d9d00000,0x00000000e7980000,0x00000000e7980000)
  from space 31232K, 99% used [0x00000000e7980000,0x00000000e97faa50,0x00000000e9800000)
  to   space 24576K, 0% used [0x00000000e9800000,0x00000000e9800000,0x00000000eb000000)
 ParOldGen       total 77824K, used 47283K [0x000000008d800000, 0x0000000092400000, 0x00000000d9d00000)
  object space 77824K, 60% used [0x000000008d800000,0x000000009062cd38,0x0000000092400000)
 PSPermGen       total 27136K, used 26877K [0x0000000088600000, 0x000000008a080000, 0x000000008d800000)
  object space 27136K, 99% used [0x0000000088600000,0x000000008a03f7f0,0x000000008a080000)
Event: 11.114 GC heap after
Heap after GC invocations=10 (full 0):
 PSYoungGen      total 250368K, used 24556K [0x00000000d9d00000, 0x00000000ebd00000, 0x0000000100000000)
  eden space 225792K, 0% used [0x00000000d9d00000,0x00000000d9d00000,0x00000000e7980000)
  from space 24576K, 99% used [0x00000000e9800000,0x00000000eaffb028,0x00000000eb000000)
  to   space 31232K, 0% used [0x00000000e7980000,0x00000000e7980000,0x00000000e9800000)
 ParOldGen       total 77824K, used 69303K [0x000000008d800000, 0x0000000092400000, 0x00000000d9d00000)
  object space 77824K, 89% used [0x000000008d800000,0x0000000091baddf8,0x0000000092400000)
 PSPermGen       total 27136K, used 26877K [0x0000000088600000, 0x000000008a080000, 0x000000008d800000)
  object space 27136K, 99% used [0x0000000088600000,0x000000008a03f7f0,0x000000008a080000)
}
Event: 11.114 GC heap before
{Heap before GC invocations=11 (full 1):
 PSYoungGen      total 250368K, used 24556K [0x00000000d9d00000, 0x00000000ebd00000, 0x0000000100000000)
  eden space 225792K, 0% used [0x00000000d9d00000,0x00000000d9d00000,0x00000000e7980000)
  from space 24576K, 99% used [0x00000000e9800000,0x00000000eaffb028,0x00000000eb000000)
  to   space 31232K, 0% used [0x00000000e7980000,0x00000000e7980000,0x00000000e9800000)
 ParOldGen       total 77824K, used 69303K [0x000000008d800000, 0x0000000092400000, 0x00000000d9d00000)
  object space 77824K, 89% used [0x000000008d800000,0x0000000091baddf8,0x0000000092400000)
 PSPermGen       total 27136K, used 26877K [0x0000000088600000, 0x000000008a080000, 0x000000008d800000)
  object space 27136K, 99% used [0x0000000088600000,0x000000008a03f7f0,0x000000008a080000)
Event: 11.378 GC heap after
Heap after GC invocations=11 (full 1):
 PSYoungGen      total 250368K, used 0K [0x00000000d9d00000, 0x00000000ebd00000, 0x0000000100000000)
  eden space 225792K, 0% used [0x00000000d9d00000,0x00000000d9d00000,0x00000000e7980000)
  from space 24576K, 0% used [0x00000000e9800000,0x00000000e9800000,0x00000000eb000000)
  to   space 31232K, 0% used [0x00000000e7980000,0x00000000e7980000,0x00000000e9800000)
 ParOldGen       total 124928K, used 64269K [0x000000008d800000, 0x0000000095200000, 0x00000000d9d00000)
  object space 124928K, 51% used [0x000000008d800000,0x00000000916c36d8,0x0000000095200000)
 PSPermGen       total 53760K, used 26866K [0x0000000088600000, 0x000000008ba80000, 0x000000008d800000)
  object space 53760K, 49% used [0x0000000088600000,0x000000008a03cb50,0x000000008ba80000)
}
Event: 13.036 GC heap before
{Heap before GC invocations=12 (full 1):
 PSYoungGen      total 250368K, used 225792K [0x00000000d9d00000, 0x00000000ebd00000, 0x0000000100000000)
  eden space 225792K, 100% used [0x00000000d9d00000,0x00000000e7980000,0x00000000e7980000)
  from space 24576K, 0% used [0x00000000e9800000,0x00000000e9800000,0x00000000eb000000)
  to   space 31232K, 0% used [0x00000000e7980000,0x00000000e7980000,0x00000000e9800000)
 ParOldGen       total 124928K, used 64269K [0x000000008d800000, 0x0000000095200000, 0x00000000d9d00000)
  object space 124928K, 51% used [0x000000008d800000,0x00000000916c36d8,0x0000000095200000)
 PSPermGen       total 53760K, used 33615K [0x0000000088600000, 0x000000008ba80000, 0x000000008d800000)
  object space 53760K, 62% used [0x0000000088600000,0x000000008a6d3ca0,0x000000008ba80000)
Event: 13.070 GC heap after
Heap after GC invocations=12 (full 1):
 PSYoungGen      total 257024K, used 31209K [0x00000000d9d00000, 0x00000000ebd00000, 0x0000000100000000)
  eden space 225792K, 0% used [0x00000000d9d00000,0x00000000d9d00000,0x00000000e7980000)
  from space 31232K, 99% used [0x00000000e7980000,0x00000000e97fa520,0x00000000e9800000)
  to   space 24576K, 0% used [0x00000000e9800000,0x00000000e9800000,0x00000000eb000000)
 ParOldGen       total 124928K, used 69953K [0x000000008d800000, 0x0000000095200000, 0x00000000d9d00000)
  object space 124928K, 55% used [0x000000008d800000,0x0000000091c507c0,0x0000000095200000)
 PSPermGen       total 53760K, used 33615K [0x0000000088600000, 0x000000008ba80000, 0x000000008d800000)
  object space 53760K, 62% used [0x0000000088600000,0x000000008a6d3ca0,0x000000008ba80000)
}

Deoptimization events (10 events):
Event: 83.598 Thread 0x000000000c882000 Uncommon trap: reason=unhandled action=none pc=0x0000000002bc1028 method=java.net.URLClassLoader$1.run()Ljava/lang/Class; @ 72
Event: 83.598 Thread 0x000000000c882000 Uncommon trap: reason=unhandled action=none pc=0x0000000002bc1028 method=java.net.URLClassLoader$1.run()Ljava/lang/Class; @ 72
Event: 83.601 Thread 0x000000000c882000 Uncommon trap: reason=unhandled action=none pc=0x0000000002bc1028 method=java.net.URLClassLoader$1.run()Ljava/lang/Class; @ 72
Event: 83.601 Thread 0x000000000c882000 Uncommon trap: reason=unhandled action=none pc=0x0000000002bc1028 method=java.net.URLClassLoader$1.run()Ljava/lang/Class; @ 72
Event: 83.603 Thread 0x000000000c882000 Uncommon trap: reason=unhandled action=none pc=0x0000000002bc1028 method=java.net.URLClassLoader$1.run()Ljava/lang/Class; @ 72
Event: 83.603 Thread 0x000000000c882000 Uncommon trap: reason=unhandled action=none pc=0x0000000002bc1028 method=java.net.URLClassLoader$1.run()Ljava/lang/Class; @ 72
Event: 83.604 Thread 0x000000000c882000 Uncommon trap: reason=unhandled action=none pc=0x0000000002bc1028 method=java.net.URLClassLoader$1.run()Ljava/lang/Class; @ 72
Event: 83.605 Thread 0x000000000c882000 Uncommon trap: reason=unhandled action=none pc=0x0000000002bc1028 method=java.net.URLClassLoader$1.run()Ljava/lang/Class; @ 72
Event: 83.610 Thread 0x000000000c882000 Uncommon trap: reason=unhandled action=none pc=0x0000000002bc1028 method=java.net.URLClassLoader$1.run()Ljava/lang/Class; @ 72
Event: 83.610 Thread 0x000000000c882000 Uncommon trap: reason=unhandled action=none pc=0x0000000002bc1028 method=java.net.URLClassLoader$1.run()Ljava/lang/Class; @ 72

Internal exceptions (10 events):
Event: 84.015 Thread 0x000000000ef68000 Threw 0x00000000de138a08 at C:\re\jdk7u79\2331\hotspot\src\share\vm\interpreter\linkResolver.cpp:892
Event: 143.614 Thread 0x000000000ef6a000 Threw 0x00000000ddfd75e0 at C:\re\jdk7u79\2331\hotspot\src\share\vm\interpreter\linkResolver.cpp:892
Event: 143.614 Thread 0x000000000c882000 Threw 0x00000000ddf046d0 at C:\re\jdk7u79\2331\hotspot\src\share\vm\interpreter\linkResolver.cpp:892
Event: 143.838 Thread 0x000000000ef68000 Threw 0x00000000de139f28 at C:\re\jdk7u79\2331\hotspot\src\share\vm\interpreter\linkResolver.cpp:892
Event: 203.619 Thread 0x000000000ef6a000 Threw 0x00000000ddfd8b20 at C:\re\jdk7u79\2331\hotspot\src\share\vm\interpreter\linkResolver.cpp:892
Event: 203.647 Thread 0x000000000c882000 Threw 0x00000000ddf05c10 at C:\re\jdk7u79\2331\hotspot\src\share\vm\interpreter\linkResolver.cpp:892
Event: 203.853 Thread 0x000000000ef68000 Threw 0x00000000de13b468 at C:\re\jdk7u79\2331\hotspot\src\share\vm\interpreter\linkResolver.cpp:892
Event: 263.663 Thread 0x000000000ef6a000 Threw 0x00000000ddfda060 at C:\re\jdk7u79\2331\hotspot\src\share\vm\interpreter\linkResolver.cpp:892
Event: 263.663 Thread 0x000000000c882000 Threw 0x00000000ddf07150 at C:\re\jdk7u79\2331\hotspot\src\share\vm\interpreter\linkResolver.cpp:892
Event: 263.863 Thread 0x000000000ef68000 Threw 0x00000000de13c9a8 at C:\re\jdk7u79\2331\hotspot\src\share\vm\interpreter\linkResolver.cpp:892

Events (10 events):
Event: 203.647 Executing VM operation: RevokeBias
Event: 203.647 Executing VM operation: RevokeBias done
Event: 203.852 Executing VM operation: RevokeBias
Event: 203.852 Executing VM operation: RevokeBias done
Event: 263.657 Executing VM operation: RevokeBias
Event: 263.662 Executing VM operation: RevokeBias done
Event: 263.663 Executing VM operation: RevokeBias
Event: 263.663 Executing VM operation: RevokeBias done
Event: 263.862 Executing VM operation: RevokeBias
Event: 263.862 Executing VM operation: RevokeBias done


Dynamic libraries:
0x00007ff7be6d0000 - 0x00007ff7be703000 	D:\Software\java\jdk1.7.0_79\bin\javaw.exe
0x00007ff96b030000 - 0x00007ff96b202000 	C:\Windows\SYSTEM32\ntdll.dll
0x00007ff96aa00000 - 0x00007ff96aaac000 	C:\Windows\System32\KERNEL32.DLL
0x00007ff968100000 - 0x00007ff96831d000 	C:\Windows\System32\KERNELBASE.dll
0x00007ff968900000 - 0x00007ff9689a2000 	C:\Windows\System32\ADVAPI32.dll
0x00007ff96aef0000 - 0x00007ff96af8e000 	C:\Windows\System32\msvcrt.dll
0x00007ff968f90000 - 0x00007ff968fe9000 	C:\Windows\System32\sechost.dll
0x00007ff96a510000 - 0x00007ff96a631000 	C:\Windows\System32\RPCRT4.dll
0x00007ff96a640000 - 0x00007ff96a7a5000 	C:\Windows\System32\USER32.dll
0x00007ff968040000 - 0x00007ff96805e000 	C:\Windows\System32\win32u.dll
0x00007ff968eb0000 - 0x00007ff968ee4000 	C:\Windows\System32\GDI32.dll
0x00007ff9675e0000 - 0x00007ff967760000 	C:\Windows\System32\gdi32full.dll
0x00007ff95f1f0000 - 0x00007ff95f46a000 	C:\Windows\WinSxS\amd64_microsoft.windows.common-controls_6595b64144ccf1df_6.0.14393.953_none_42151e83c686086b\COMCTL32.dll
0x00007ff968a20000 - 0x00007ff968ce8000 	C:\Windows\System32\combase.dll
0x00007ff967f40000 - 0x00007ff968035000 	C:\Windows\System32\ucrtbase.dll
0x00007ff968380000 - 0x00007ff9683ea000 	C:\Windows\System32\bcryptPrimitives.dll
0x00007ff968ef0000 - 0x00007ff968f1e000 	C:\Windows\System32\IMM32.DLL
0x0000000056300000 - 0x00000000563d2000 	D:\Software\java\jdk1.7.0_79\jre\bin\msvcr100.dll
0x0000000055b20000 - 0x00000000562f5000 	D:\Software\java\jdk1.7.0_79\jre\bin\server\jvm.dll
0x00007ff96aab0000 - 0x00007ff96aab8000 	C:\Windows\System32\PSAPI.DLL
0x00007ff9648c0000 - 0x00007ff9648e3000 	C:\Windows\SYSTEM32\WINMM.dll
0x00007ff9632c0000 - 0x00007ff9632c9000 	C:\Windows\SYSTEM32\WSOCK32.dll
0x00007ff9689b0000 - 0x00007ff968a1a000 	C:\Windows\System32\WS2_32.dll
0x0000000000c40000 - 0x0000000000c6b000 	C:\Windows\SYSTEM32\WINMMBASE.dll
0x00007ff967ef0000 - 0x00007ff967f32000 	C:\Windows\System32\cfgmgr32.dll
0x0000000055b10000 - 0x0000000055b1f000 	D:\Software\java\jdk1.7.0_79\jre\bin\verify.dll
0x0000000055ae0000 - 0x0000000055b08000 	D:\Software\java\jdk1.7.0_79\jre\bin\java.dll
0x0000000055aa0000 - 0x0000000055ad5000 	D:\Software\java\jdk1.7.0_79\jre\bin\jdwp.dll
0x0000000055a90000 - 0x0000000055a98000 	D:\Software\java\jdk1.7.0_79\jre\bin\npt.dll
0x0000000055a70000 - 0x0000000055a85000 	D:\Software\java\jdk1.7.0_79\jre\bin\zip.dll
0x0000000055a60000 - 0x0000000055a69000 	D:\Software\java\jdk1.7.0_79\jre\bin\dt_socket.dll
0x00007ff95c700000 - 0x00007ff95c71c000 	C:\Windows\system32\PrxerNsp.dll
0x00007ff966da0000 - 0x00007ff966dfc000 	C:\Windows\System32\mswsock.dll
0x00007ff966b60000 - 0x00007ff966c01000 	C:\Windows\SYSTEM32\DNSAPI.dll
0x00007ff968f20000 - 0x00007ff968f28000 	C:\Windows\System32\NSI.dll
0x00007ff966b20000 - 0x00007ff966b58000 	C:\Windows\SYSTEM32\IPHLPAPI.DLL
0x00007ff95ba10000 - 0x00007ff95ba26000 	C:\Windows\system32\napinsp.dll
0x00007ff95b9f0000 - 0x00007ff95ba0a000 	C:\Windows\system32\pnrpnsp.dll
0x00007ff962470000 - 0x00007ff962488000 	C:\Windows\system32\NLAapi.dll
0x00007ff95ba30000 - 0x00007ff95ba3e000 	C:\Windows\System32\winrnr.dll
0x00007ff95ba40000 - 0x00007ff95ba55000 	C:\Windows\System32\wshbth.dll
0x00007ff95d2f0000 - 0x00007ff95d35a000 	C:\Windows\System32\fwpuclnt.dll
0x00007ff967050000 - 0x00007ff96707b000 	C:\Windows\SYSTEM32\bcrypt.dll
0x00007ff95c150000 - 0x00007ff95c15a000 	C:\Windows\System32\rasadhlp.dll
0x0000000055a40000 - 0x0000000055a5a000 	D:\Software\java\jdk1.7.0_79\jre\bin\net.dll
0x0000000055a20000 - 0x0000000055a31000 	D:\Software\java\jdk1.7.0_79\jre\bin\nio.dll
0x00007ff966f40000 - 0x00007ff966f57000 	C:\Windows\SYSTEM32\CRYPTSP.dll
0x00007ff9669a0000 - 0x00007ff9669d3000 	C:\Windows\system32\rsaenh.dll
0x00007ff966c20000 - 0x00007ff966c3f000 	C:\Windows\SYSTEM32\USERENV.dll
0x00007ff9674c0000 - 0x00007ff9674d4000 	C:\Windows\System32\profapi.dll
0x00007ff966f60000 - 0x00007ff966f6b000 	C:\Windows\SYSTEM32\CRYPTBASE.dll
0x00007ff962190000 - 0x00007ff9621a6000 	C:\Windows\SYSTEM32\dhcpcsvc6.DLL
0x00007ff962170000 - 0x00007ff96218a000 	C:\Windows\SYSTEM32\dhcpcsvc.DLL
0x0000000055a10000 - 0x0000000055a1b000 	D:\Software\java\jdk1.7.0_79\jre\bin\management.dll

VM Arguments:
jvm_args: -agentlib:jdwp=transport=dt_socket,suspend=y,address=localhost:61544 -Dmaven.home=D:\Software\apache-maven-3.3.9 -Dclassworlds.conf=E:\ChuanZhi\mall\.metadata\.plugins\org.eclipse.m2e.launching\launches\m2conf3825414286898760177.tmp -Dmaven.multiModuleProjectDirectory=E:\ChuanZhi\mall\e3-cart-web -Dfile.encoding=UTF-8 
java_command: org.codehaus.plexus.classworlds.launcher.Launcher -B -s D:\Software\apache-maven-3.3.9\conf\settings.xml clean tomcat7:run
Launcher Type: SUN_STANDARD

Environment Variables:
JAVA_HOME=D:\Software\java\jdk1.7.0_79
PATH=D:\Software\java\jdk1.7.0_79\jre\bin;D:\Program Files\Python36\Scripts\;D:\Program Files\Python36\;D:\app\FANTASY\product\11.2.0\dbhome_1\bin;C:\Windows\system32;C:\Windows;C:\Windows\System32\Wbem;C:\Windows\System32\WindowsPowerShell\v1.0\;D:\Software\java\jdk1.7.0_79\bin;D:\Software\apache-maven-3.3.9\bin;C:\shortcut;C:\Program Files\MySQL\MySQL Server 5.6\bin;4.940656E-324RLANG_HOME\bin;D:\Program Files\Git\cmd;7.141460E-315RLANG_HOME\bin;D:\Program Files\RabbitMQ Server\rabbitmq_server-3.7.4\sbin;C:\Users\FANTASY\AppData\Local\Microsoft\WindowsApps;
USERNAME=FANTASY
OS=Windows_NT
PROCESSOR_IDENTIFIER=AMD64 Family 21 Model 19 Stepping 1, AuthenticAMD



---------------  S Y S T E M  ---------------

OS: Windows 8.1 , 64 bit Build 9600 

CPU:total 4 (4 cores per cpu, 1 threads per core) family 21 model 19 stepping 1, cmov, cx8, fxsr, mmx, sse, sse2, sse3, ssse3, sse4.1, sse4.2, popcnt, avx, aes, mmxext, 3dnowpref, lzcnt, sse4a, tsc, tscinvbit, tscinv

Memory: 4k page, physical 7496452k(2091268k free), swap 13876172k(632k free)

vm_info: Java HotSpot(TM) 64-Bit Server VM (24.79-b02) for windows-amd64 JRE (1.7.0_79-b15), built on Apr 10 2015 12:36:16 by "java_re" with unknown MS VC++:1600

time: Sun Apr 29 19:21:59 2018
elapsed time: 273 seconds

