#
# There is insufficient memory for the Java Runtime Environment to continue.
# Native memory allocation (malloc) failed to allocate 189456 bytes for Chunk::new
# Possible reasons:
#   The system is out of physical RAM or swap space
#   In 32 bit mode, the process size limit was hit
# Possible solutions:
#   Reduce memory load on the system
#   Increase physical memory or swap space
#   Check if swap backing store is full
#   Use 64 bit Java on a 64 bit OS
#   Decrease Java heap size (-Xmx/-Xms)
#   Decrease number of Java threads
#   Decrease Java thread stack sizes (-Xss)
#   Set larger code cache with -XX:ReservedCodeCacheSize=
# This output file may be truncated or incomplete.
#
#  Out of Memory Error (allocation.cpp:323), pid=8520, tid=8696
#
# JRE version: Java(TM) SE Runtime Environment (7.0_79-b15) (build 1.7.0_79-b15)
# Java VM: Java HotSpot(TM) 64-Bit Server VM (24.79-b02 mixed mode windows-amd64 compressed oops)
# Failed to write core dump. Minidumps are not enabled by default on client versions of Windows
#

---------------  T H R E A D  ---------------

Current thread (0x000000000a30c000):  JavaThread "C2 CompilerThread0" daemon [_thread_in_native, id=8696, stack(0x000000000bbd0000,0x000000000bcd0000)]

Stack: [0x000000000bbd0000,0x000000000bcd0000]

Current CompileTask:
C2: 704882 1160             org.eclipse.jdt.internal.compiler.parser.Scanner::<init> (477 bytes)


---------------  P R O C E S S  ---------------

Java Threads: ( => current thread )
  0x000000000d797800 JavaThread "http-bio-8082-exec-10" daemon [_thread_in_native, id=5432, stack(0x0000000013470000,0x0000000013570000)]
  0x000000000d796000 JavaThread "http-bio-8082-exec-9" daemon [_thread_blocked, id=5056, stack(0x0000000013370000,0x0000000013470000)]
  0x000000000d796800 JavaThread "http-bio-8082-exec-8" daemon [_thread_in_native, id=4064, stack(0x0000000013270000,0x0000000013370000)]
  0x000000000d795000 JavaThread "http-bio-8082-exec-7" daemon [_thread_in_native, id=4068, stack(0x0000000013170000,0x0000000013270000)]
  0x000000000d78d800 JavaThread "http-bio-8082-exec-6" daemon [_thread_in_native, id=6952, stack(0x0000000013070000,0x0000000013170000)]
  0x000000000d794800 JavaThread "http-bio-8082-exec-5" daemon [_thread_blocked, id=1904, stack(0x0000000012f70000,0x0000000013070000)]
  0x000000000d793800 JavaThread "http-bio-8082-exec-4" daemon [_thread_blocked, id=1460, stack(0x0000000012e70000,0x0000000012f70000)]
  0x000000000d793000 JavaThread "http-bio-8082-exec-3" daemon [_thread_blocked, id=3688, stack(0x0000000012d70000,0x0000000012e70000)]
  0x000000000d791800 JavaThread "DubboClientHandler-192.168.9.1:20881-thread-2" daemon [_thread_blocked, id=3800, stack(0x0000000012c70000,0x0000000012d70000)]
  0x000000000d78f000 JavaThread "http-bio-8082-exec-2" daemon [_thread_blocked, id=10368, stack(0x0000000012b70000,0x0000000012c70000)]
  0x000000000d790000 JavaThread "http-bio-8082-exec-1" daemon [_thread_in_native, id=6236, stack(0x0000000012a70000,0x0000000012b70000)]
  0x000000000d78e800 JavaThread "dubbo-remoting-client-heartbeat-thread-2" daemon [_thread_blocked, id=9068, stack(0x0000000012970000,0x0000000012a70000)]
  0x000000000d792000 JavaThread "DubboResponseTimeoutScanTimer" daemon [_thread_blocked, id=8728, stack(0x0000000012870000,0x0000000012970000)]
  0x000000000d78d000 JavaThread "DubboClientReconnectTimer-thread-2" daemon [_thread_blocked, id=8576, stack(0x0000000012570000,0x0000000012670000)]
  0x000000000d78c000 JavaThread "http-bio-8082-AsyncTimeout" daemon [_thread_blocked, id=9292, stack(0x0000000012470000,0x0000000012570000)]
  0x000000000d790800 JavaThread "http-bio-8082-Acceptor-0" daemon [_thread_in_native, id=8572, stack(0x0000000012370000,0x0000000012470000)]
  0x000000000cd28800 JavaThread "ContainerBackgroundProcessor[StandardEngine[Tomcat]]" daemon [_thread_blocked, id=8564, stack(0x0000000012270000,0x0000000012370000)]
  0x000000000cd27000 JavaThread "dubbo-remoting-client-heartbeat-thread-1" daemon [_thread_blocked, id=9192, stack(0x0000000012170000,0x0000000012270000)]
  0x000000000cd26000 JavaThread "Hashed wheel timer #1" [_thread_blocked, id=9248, stack(0x0000000011f70000,0x0000000012070000)]
  0x000000000cd25800 JavaThread "DubboClientReconnectTimer-thread-1" daemon [_thread_blocked, id=9260, stack(0x0000000011e70000,0x0000000011f70000)]
  0x000000000cd24000 JavaThread "New I/O boss #6" daemon [_thread_in_native, id=8288, stack(0x0000000011d70000,0x0000000011e70000)]
  0x000000000cd29000 JavaThread "New I/O worker #5" daemon [_thread_in_native, id=9116, stack(0x0000000011c70000,0x0000000011d70000)]
  0x000000000cd23000 JavaThread "New I/O worker #4" daemon [_thread_in_native, id=1248, stack(0x0000000011b70000,0x0000000011c70000)]
  0x000000000cd24800 JavaThread "New I/O worker #3" daemon [_thread_in_native, id=1840, stack(0x0000000011a70000,0x0000000011b70000)]
  0x000000000cd27800 JavaThread "New I/O worker #2" daemon [_thread_in_native, id=4424, stack(0x0000000011970000,0x0000000011a70000)]
  0x000000000d944800 JavaThread "New I/O worker #1" daemon [_thread_in_native, id=6516, stack(0x0000000011870000,0x0000000011970000)]
  0x000000000e18e000 JavaThread "DubboSaveRegistryCache-thread-1" daemon [_thread_blocked, id=7552, stack(0x0000000011770000,0x0000000011870000)]
  0x000000000f7da800 JavaThread "localhost-startStop-1-EventThread" daemon [_thread_blocked, id=9144, stack(0x0000000011570000,0x0000000011670000)]
  0x000000000ee42000 JavaThread "localhost-startStop-1-SendThread(192.168.9.10:2181)" daemon [_thread_in_native, id=1032, stack(0x0000000011470000,0x0000000011570000)]
  0x000000000d5d8800 JavaThread "ZkClient-EventThread-19-192.168.9.10:2181" daemon [_thread_blocked, id=8908, stack(0x0000000011370000,0x0000000011470000)]
  0x000000000cc4f800 JavaThread "DubboRegistryFailedRetryTimer-thread-1" daemon [_thread_blocked, id=8992, stack(0x0000000011270000,0x0000000011370000)]
  0x000000000daeb800 JavaThread "Thread-2" daemon [_thread_in_native, id=9076, stack(0x00000000101a0000,0x00000000102a0000)]
  0x000000000a30e800 JavaThread "Service Thread" daemon [_thread_blocked, id=8692, stack(0x000000000bdd0000,0x000000000bed0000)]
  0x000000000a30d800 JavaThread "C2 CompilerThread1" daemon [_thread_blocked, id=8684, stack(0x000000000bcd0000,0x000000000bdd0000)]
=>0x000000000a30c000 JavaThread "C2 CompilerThread0" daemon [_thread_in_native, id=8696, stack(0x000000000bbd0000,0x000000000bcd0000)]
  0x000000000a2f7000 JavaThread "JDWP Command Reader" daemon [_thread_in_native, id=8644, stack(0x000000000bad0000,0x000000000bbd0000)]
  0x000000000a2f3800 JavaThread "JDWP Event Helper Thread" daemon [_thread_blocked, id=8652, stack(0x000000000b9d0000,0x000000000bad0000)]
  0x000000000a2e5000 JavaThread "JDWP Transport Listener: dt_socket" daemon [_thread_blocked, id=8568, stack(0x000000000b8d0000,0x000000000b9d0000)]
  0x000000000a2de800 JavaThread "Attach Listener" daemon [_thread_blocked, id=8608, stack(0x000000000b740000,0x000000000b840000)]
  0x000000000a2dc000 JavaThread "Signal Dispatcher" daemon [_thread_blocked, id=8680, stack(0x000000000b640000,0x000000000b740000)]
  0x000000000a28f800 JavaThread "Finalizer" daemon [_thread_blocked, id=8600, stack(0x000000000b540000,0x000000000b640000)]
  0x000000000a286000 JavaThread "Reference Handler" daemon [_thread_blocked, id=8656, stack(0x000000000b440000,0x000000000b540000)]
  0x00000000021ce000 JavaThread "main" [_thread_blocked, id=3568, stack(0x0000000002580000,0x0000000002680000)]

Other Threads:
  0x000000000a281800 VMThread [stack: 0x000000000b340000,0x000000000b440000] [id=3112]
  0x000000000a309800 WatcherThread [stack: 0x000000000bed0000,0x000000000bfd0000] [id=10772]

VM state:not at safepoint (normal execution)

VM Mutex/Monitor currently owned by a thread: None

Heap
 PSYoungGen      total 404992K, used 197732K [0x00000000d9d00000, 0x0000000100000000, 0x0000000100000000)
  eden space 356864K, 55% used [0x00000000d9d00000,0x00000000e5e19070,0x00000000ef980000)
  from space 48128K, 0% used [0x00000000ef980000,0x00000000ef980000,0x00000000f2880000)
  to   space 51712K, 0% used [0x00000000fcd80000,0x00000000fcd80000,0x0000000100000000)
 ParOldGen       total 114176K, used 59863K [0x000000008d800000, 0x0000000094780000, 0x00000000d9d00000)
  object space 114176K, 52% used [0x000000008d800000,0x0000000091275e28,0x0000000094780000)
 PSPermGen       total 81920K, used 51597K [0x0000000088600000, 0x000000008d600000, 0x000000008d800000)
  object space 81920K, 62% used [0x0000000088600000,0x000000008b863758,0x000000008d600000)

Card table byte_map: [0x0000000005780000,0x0000000005b40000] byte_map_base: 0x000000000533d000

Polling page: 0x0000000000430000

Code Cache  [0x0000000002780000, 0x0000000002b80000, 0x0000000005780000)
 total_blobs=1456 nmethods=1023 adapters=393 free_code_cache=45239Kb largest_free_block=46191744

Compilation events (10 events):
Event: 704.283 Thread 0x000000000a30d800 1156             org.eclipse.jdt.internal.compiler.codegen.ConstantPool::literalIndex (392 bytes)
Event: 704.317 Thread 0x000000000a30d800 nmethod 1156 0x0000000002b2a990 code [0x0000000002b2ac60, 0x0000000002b2c3d8]
Event: 704.317 Thread 0x000000000a30d800 1157             org.eclipse.jdt.internal.compiler.codegen.CodeStream::insertionIndex (90 bytes)
Event: 704.321 Thread 0x000000000a30d800 nmethod 1157 0x0000000002a87290 code [0x0000000002a873e0, 0x0000000002a875f8]
Event: 704.321 Thread 0x000000000a30d800 1158             sun.nio.cs.UTF_8$Decoder::isMalformed3 (45 bytes)
Event: 704.321 Thread 0x000000000a30d800 nmethod 1158 0x000000000285cb50 code [0x000000000285cc80, 0x000000000285ccf8]
Event: 704.418 Thread 0x000000000a30c000 nmethod 1154 0x0000000002b63e50 code [0x0000000002b64380, 0x0000000002b6bc28]
Event: 704.451 Thread 0x000000000a30d800 1159             java.nio.Buffer::remaining (10 bytes)
Event: 704.452 Thread 0x000000000a30d800 nmethod 1159 0x0000000002af24d0 code [0x0000000002af2600, 0x0000000002af2658]
Event: 704.455 Thread 0x000000000a30c000 1160             org.eclipse.jdt.internal.compiler.parser.Scanner::<init> (477 bytes)

GC Heap History (10 events):
Event: 10.599 GC heap before
{Heap before GC invocations=8 (full 0):
 PSYoungGen      total 131072K, used 131064K [0x00000000d9d00000, 0x00000000eb000000, 0x0000000100000000)
  eden space 116736K, 100% used [0x00000000d9d00000,0x00000000e0f00000,0x00000000e0f00000)
  from space 14336K, 99% used [0x00000000e0f00000,0x00000000e1cfe028,0x00000000e1d00000)
  to   space 24064K, 0% used [0x00000000e9880000,0x00000000e9880000,0x00000000eb000000)
 ParOldGen       total 77824K, used 32378K [0x000000008d800000, 0x0000000092400000, 0x00000000d9d00000)
  object space 77824K, 41% used [0x000000008d800000,0x000000008f79e8b0,0x0000000092400000)
 PSPermGen       total 27136K, used 26743K [0x0000000088600000, 0x000000008a080000, 0x000000008d800000)
  object space 27136K, 98% used [0x0000000088600000,0x000000008a01dda8,0x000000008a080000)
Event: 10.643 GC heap after
Heap after GC invocations=8 (full 0):
 PSYoungGen      total 250880K, used 24045K [0x00000000d9d00000, 0x00000000ebd00000, 0x0000000100000000)
  eden space 226816K, 0% used [0x00000000d9d00000,0x00000000d9d00000,0x00000000e7a80000)
  from space 24064K, 99% used [0x00000000e9880000,0x00000000eaffb590,0x00000000eb000000)
  to   space 30720K, 0% used [0x00000000e7a80000,0x00000000e7a80000,0x00000000e9880000)
 ParOldGen       total 77824K, used 37769K [0x000000008d800000, 0x0000000092400000, 0x00000000d9d00000)
  object space 77824K, 48% used [0x000000008d800000,0x000000008fce25e0,0x0000000092400000)
 PSPermGen       total 27136K, used 26743K [0x0000000088600000, 0x000000008a080000, 0x000000008d800000)
  object space 27136K, 98% used [0x0000000088600000,0x000000008a01dda8,0x000000008a080000)
}
Event: 12.263 GC heap before
{Heap before GC invocations=9 (full 0):
 PSYoungGen      total 250880K, used 250861K [0x00000000d9d00000, 0x00000000ebd00000, 0x0000000100000000)
  eden space 226816K, 100% used [0x00000000d9d00000,0x00000000e7a80000,0x00000000e7a80000)
  from space 24064K, 99% used [0x00000000e9880000,0x00000000eaffb590,0x00000000eb000000)
  to   space 30720K, 0% used [0x00000000e7a80000,0x00000000e7a80000,0x00000000e9880000)
 ParOldGen       total 77824K, used 37769K [0x000000008d800000, 0x0000000092400000, 0x00000000d9d00000)
  object space 77824K, 48% used [0x000000008d800000,0x000000008fce25e0,0x0000000092400000)
 PSPermGen       total 27136K, used 26754K [0x0000000088600000, 0x000000008a080000, 0x000000008d800000)
  object space 27136K, 98% used [0x0000000088600000,0x000000008a020be8,0x000000008a080000)
Event: 12.350 GC heap after
Heap after GC invocations=9 (full 0):
 PSYoungGen      total 257536K, used 30699K [0x00000000d9d00000, 0x00000000f5180000, 0x0000000100000000)
  eden space 226816K, 0% used [0x00000000d9d00000,0x00000000d9d00000,0x00000000e7a80000)
  from space 30720K, 99% used [0x00000000e7a80000,0x00000000e987ac70,0x00000000e9880000)
  to   space 41984K, 0% used [0x00000000f2880000,0x00000000f2880000,0x00000000f5180000)
 ParOldGen       total 77824K, used 53638K [0x000000008d800000, 0x0000000092400000, 0x00000000d9d00000)
  object space 77824K, 68% used [0x000000008d800000,0x0000000090c61ad8,0x0000000092400000)
 PSPermGen       total 27136K, used 26754K [0x0000000088600000, 0x000000008a080000, 0x000000008d800000)
  object space 27136K, 98% used [0x0000000088600000,0x000000008a020be8,0x000000008a080000)
}
Event: 13.568 GC heap before
{Heap before GC invocations=10 (full 0):
 PSYoungGen      total 257536K, used 257515K [0x00000000d9d00000, 0x00000000f5180000, 0x0000000100000000)
  eden space 226816K, 100% used [0x00000000d9d00000,0x00000000e7a80000,0x00000000e7a80000)
  from space 30720K, 99% used [0x00000000e7a80000,0x00000000e987ac70,0x00000000e9880000)
  to   space 41984K, 0% used [0x00000000f2880000,0x00000000f2880000,0x00000000f5180000)
 ParOldGen       total 77824K, used 53638K [0x000000008d800000, 0x0000000092400000, 0x00000000d9d00000)
  object space 77824K, 68% used [0x000000008d800000,0x0000000090c61ad8,0x0000000092400000)
 PSPermGen       total 27136K, used 26776K [0x0000000088600000, 0x000000008a080000, 0x000000008d800000)
  object space 27136K, 98% used [0x0000000088600000,0x000000008a026238,0x000000008a080000)
Event: 13.626 GC heap after
Heap after GC invocations=10 (full 0):
 PSYoungGen      total 398848K, used 39938K [0x00000000d9d00000, 0x00000000f5d80000, 0x0000000100000000)
  eden space 356864K, 0% used [0x00000000d9d00000,0x00000000d9d00000,0x00000000ef980000)
  from space 41984K, 95% used [0x00000000f2880000,0x00000000f4f80bd8,0x00000000f5180000)
  to   space 48128K, 0% used [0x00000000ef980000,0x00000000ef980000,0x00000000f2880000)
 ParOldGen       total 77824K, used 58563K [0x000000008d800000, 0x0000000092400000, 0x00000000d9d00000)
  object space 77824K, 75% used [0x000000008d800000,0x0000000091130f80,0x0000000092400000)
 PSPermGen       total 27136K, used 26776K [0x0000000088600000, 0x000000008a080000, 0x000000008d800000)
  object space 27136K, 98% used [0x0000000088600000,0x000000008a026238,0x000000008a080000)
}
Event: 27.806 GC heap before
{Heap before GC invocations=11 (full 0):
 PSYoungGen      total 398848K, used 396802K [0x00000000d9d00000, 0x00000000f5d80000, 0x0000000100000000)
  eden space 356864K, 100% used [0x00000000d9d00000,0x00000000ef980000,0x00000000ef980000)
  from space 41984K, 95% used [0x00000000f2880000,0x00000000f4f80bd8,0x00000000f5180000)
  to   space 48128K, 0% used [0x00000000ef980000,0x00000000ef980000,0x00000000f2880000)
 ParOldGen       total 77824K, used 58563K [0x000000008d800000, 0x0000000092400000, 0x00000000d9d00000)
  object space 77824K, 75% used [0x000000008d800000,0x0000000091130f80,0x0000000092400000)
 PSPermGen       total 40960K, used 40912K [0x0000000088600000, 0x000000008ae00000, 0x000000008d800000)
  object space 40960K, 99% used [0x0000000088600000,0x000000008adf42d8,0x000000008ae00000)
Event: 27.857 GC heap after
Heap after GC invocations=11 (full 0):
 PSYoungGen      total 404992K, used 36587K [0x00000000d9d00000, 0x0000000100000000, 0x0000000100000000)
  eden space 356864K, 0% used [0x00000000d9d00000,0x00000000d9d00000,0x00000000ef980000)
  from space 48128K, 76% used [0x00000000ef980000,0x00000000f1d3af28,0x00000000f2880000)
  to   space 51712K, 0% used [0x00000000fcd80000,0x00000000fcd80000,0x0000000100000000)
 ParOldGen       total 77824K, used 65741K [0x000000008d800000, 0x0000000092400000, 0x00000000d9d00000)
  object space 77824K, 84% used [0x000000008d800000,0x0000000091833628,0x0000000092400000)
 PSPermGen       total 40960K, used 40912K [0x0000000088600000, 0x000000008ae00000, 0x000000008d800000)
  object space 40960K, 99% used [0x0000000088600000,0x000000008adf42d8,0x000000008ae00000)
}
Event: 27.857 GC heap before
{Heap before GC invocations=12 (full 1):
 PSYoungGen      total 404992K, used 36587K [0x00000000d9d00000, 0x0000000100000000, 0x0000000100000000)
  eden space 356864K, 0% used [0x00000000d9d00000,0x00000000d9d00000,0x00000000ef980000)
  from space 48128K, 76% used [0x00000000ef980000,0x00000000f1d3af28,0x00000000f2880000)
  to   space 51712K, 0% used [0x00000000fcd80000,0x00000000fcd80000,0x0000000100000000)
 ParOldGen       total 77824K, used 65741K [0x000000008d800000, 0x0000000092400000, 0x00000000d9d00000)
  object space 77824K, 84% used [0x000000008d800000,0x0000000091833628,0x0000000092400000)
 PSPermGen       total 40960K, used 40912K [0x0000000088600000, 0x000000008ae00000, 0x000000008d800000)
  object space 40960K, 99% used [0x0000000088600000,0x000000008adf42d8,0x000000008ae00000)
Event: 28.186 GC heap after
Heap after GC invocations=12 (full 1):
 PSYoungGen      total 404992K, used 0K [0x00000000d9d00000, 0x0000000100000000, 0x0000000100000000)
  eden space 356864K, 0% used [0x00000000d9d00000,0x00000000d9d00000,0x00000000ef980000)
  from space 48128K, 0% used [0x00000000ef980000,0x00000000ef980000,0x00000000f2880000)
  to   space 51712K, 0% used [0x00000000fcd80000,0x00000000fcd80000,0x0000000100000000)
 ParOldGen       total 114176K, used 59863K [0x000000008d800000, 0x0000000094780000, 0x00000000d9d00000)
  object space 114176K, 52% used [0x000000008d800000,0x0000000091275e28,0x0000000094780000)
 PSPermGen       total 81920K, used 40895K [0x0000000088600000, 0x000000008d600000, 0x000000008d800000)
  object space 81920K, 49% used [0x0000000088600000,0x000000008adefc00,0x000000008d600000)
}

Deoptimization events (10 events):
Event: 704.275 Thread 0x000000000d790000 Uncommon trap: reason=unhandled action=none pc=0x00000000029fcca8 method=java.net.URLClassLoader$1.run()Ljava/lang/Class; @ 72
Event: 704.275 Thread 0x000000000d790000 Uncommon trap: reason=unhandled action=none pc=0x00000000029fcca8 method=java.net.URLClassLoader$1.run()Ljava/lang/Class; @ 72
Event: 704.280 Thread 0x000000000d790000 Uncommon trap: reason=unhandled action=none pc=0x00000000029fcca8 method=java.net.URLClassLoader$1.run()Ljava/lang/Class; @ 72
Event: 704.282 Thread 0x000000000d790000 Uncommon trap: reason=unhandled action=none pc=0x00000000029fcca8 method=java.net.URLClassLoader$1.run()Ljava/lang/Class; @ 72
Event: 704.286 Thread 0x000000000d790000 Uncommon trap: reason=unhandled action=none pc=0x00000000029fcca8 method=java.net.URLClassLoader$1.run()Ljava/lang/Class; @ 72
Event: 704.287 Thread 0x000000000d790000 Uncommon trap: reason=unhandled action=none pc=0x00000000029fcca8 method=java.net.URLClassLoader$1.run()Ljava/lang/Class; @ 72
Event: 704.288 Thread 0x000000000d790000 Uncommon trap: reason=unhandled action=none pc=0x00000000029fcca8 method=java.net.URLClassLoader$1.run()Ljava/lang/Class; @ 72
Event: 704.376 Thread 0x000000000d78f000 Uncommon trap: reason=unhandled action=none pc=0x00000000029fcca8 method=java.net.URLClassLoader$1.run()Ljava/lang/Class; @ 72
Event: 704.378 Thread 0x000000000d78f000 Uncommon trap: reason=unhandled action=none pc=0x00000000029fcca8 method=java.net.URLClassLoader$1.run()Ljava/lang/Class; @ 72
Event: 704.459 Thread 0x000000000d790000 Uncommon trap: reason=range_check action=none pc=0x0000000002afad38 method=org.eclipse.jdt.internal.compiler.parser.Scanner.getNextToken()I @ 93

Internal exceptions (10 events):
Event: 704.275 Thread 0x000000000d790000 Threw 0x00000000e524da10 at C:\re\jdk7u79\2331\hotspot\src\share\vm\prims\jvm.cpp:1304
Event: 704.275 Thread 0x000000000d790000 Threw 0x00000000e5251728 at C:\re\jdk7u79\2331\hotspot\src\share\vm\prims\jvm.cpp:1304
Event: 704.280 Thread 0x000000000d790000 Threw 0x00000000e5255f88 at C:\re\jdk7u79\2331\hotspot\src\share\vm\prims\jvm.cpp:1304
Event: 704.284 Thread 0x000000000d790000 Threw 0x00000000e525cc20 at C:\re\jdk7u79\2331\hotspot\src\share\vm\prims\jvm.cpp:1304
Event: 704.286 Thread 0x000000000d790000 Threw 0x00000000e5261da0 at C:\re\jdk7u79\2331\hotspot\src\share\vm\prims\jvm.cpp:1304
Event: 704.287 Thread 0x000000000d790000 Threw 0x00000000e5267110 at C:\re\jdk7u79\2331\hotspot\src\share\vm\prims\jvm.cpp:1304
Event: 704.288 Thread 0x000000000d790000 Threw 0x00000000e526c218 at C:\re\jdk7u79\2331\hotspot\src\share\vm\prims\jvm.cpp:1304
Event: 704.376 Thread 0x000000000d78f000 Threw 0x00000000dec610e8 at C:\re\jdk7u79\2331\hotspot\src\share\vm\prims\jvm.cpp:1304
Event: 704.378 Thread 0x000000000d78f000 Threw 0x00000000dec65060 at C:\re\jdk7u79\2331\hotspot\src\share\vm\prims\jvm.cpp:1304
Event: 704.460 Thread 0x000000000d790000 Threw 0x00000000e586c350 at C:\re\jdk7u79\2331\hotspot\src\share\vm\interpreter\interpreterRuntime.cpp:347

Events (10 events):
Event: 704.459 Thread 0x000000000d790000 Uncommon trap: trap_request=0xffffffe7 fr.pc=0x0000000002afad38
Event: 704.459 Thread 0x000000000d790000 DEOPT PACKING pc=0x0000000002afad38 sp=0x0000000012b6cd70
Event: 704.460 Thread 0x000000000d790000 DEOPT UNPACKING pc=0x00000000027b9064 sp=0x0000000012b6cd00 mode 2
Event: 704.461 Executing VM operation: RevokeBias
Event: 704.461 Executing VM operation: RevokeBias done
Event: 704.461 Executing VM operation: RevokeBias
Event: 704.461 Executing VM operation: RevokeBias done
Event: 704.461 Executing VM operation: RevokeBias
Event: 704.461 Executing VM operation: RevokeBias done
Event: 704.478 Thread 0x000000000d796000 Thread added: 0x000000000d796000


Dynamic libraries:
0x00007ff66a4f0000 - 0x00007ff66a523000 	D:\Software\java\jdk1.7.0_79\bin\javaw.exe
0x00007fffd1b80000 - 0x00007fffd1d52000 	C:\Windows\SYSTEM32\ntdll.dll
0x00007fffd1000000 - 0x00007fffd10ac000 	C:\Windows\System32\KERNEL32.DLL
0x00007fffcede0000 - 0x00007fffceffd000 	C:\Windows\System32\KERNELBASE.dll
0x00007fffd0900000 - 0x00007fffd09a2000 	C:\Windows\System32\ADVAPI32.dll
0x00007fffd0e60000 - 0x00007fffd0efe000 	C:\Windows\System32\msvcrt.dll
0x00007fffd0df0000 - 0x00007fffd0e49000 	C:\Windows\System32\sechost.dll
0x00007fffd1770000 - 0x00007fffd1891000 	C:\Windows\System32\RPCRT4.dll
0x00007fffcf180000 - 0x00007fffcf2e5000 	C:\Windows\System32\USER32.dll
0x00007fffceb30000 - 0x00007fffceb4e000 	C:\Windows\System32\win32u.dll
0x00007fffd1730000 - 0x00007fffd1764000 	C:\Windows\System32\GDI32.dll
0x00007fffcec60000 - 0x00007fffcede0000 	C:\Windows\System32\gdi32full.dll
0x00007fffc55e0000 - 0x00007fffc585a000 	C:\Windows\WinSxS\amd64_microsoft.windows.common-controls_6595b64144ccf1df_6.0.14393.953_none_42151e83c686086b\COMCTL32.dll
0x00007fffd18b0000 - 0x00007fffd1b78000 	C:\Windows\System32\combase.dll
0x00007fffce980000 - 0x00007fffcea75000 	C:\Windows\System32\ucrtbase.dll
0x00007fffcebf0000 - 0x00007fffcec5a000 	C:\Windows\System32\bcryptPrimitives.dll
0x00007fffd1110000 - 0x00007fffd113e000 	C:\Windows\System32\IMM32.DLL
0x000000006a350000 - 0x000000006a422000 	D:\Software\java\jdk1.7.0_79\jre\bin\msvcr100.dll
0x0000000068ab0000 - 0x0000000069285000 	D:\Software\java\jdk1.7.0_79\jre\bin\server\jvm.dll
0x00007fffd0e50000 - 0x00007fffd0e58000 	C:\Windows\System32\PSAPI.DLL
0x00007fffcbfb0000 - 0x00007fffcbfd3000 	C:\Windows\SYSTEM32\WINMM.dll
0x00007fffc4650000 - 0x00007fffc4659000 	C:\Windows\SYSTEM32\WSOCK32.dll
0x00007fffd1210000 - 0x00007fffd127a000 	C:\Windows\System32\WS2_32.dll
0x0000000000910000 - 0x000000000093b000 	C:\Windows\SYSTEM32\WINMMBASE.dll
0x00007fffce080000 - 0x00007fffce0c2000 	C:\Windows\System32\cfgmgr32.dll
0x000000006a340000 - 0x000000006a34f000 	D:\Software\java\jdk1.7.0_79\jre\bin\verify.dll
0x000000006a310000 - 0x000000006a338000 	D:\Software\java\jdk1.7.0_79\jre\bin\java.dll
0x000000006a2d0000 - 0x000000006a305000 	D:\Software\java\jdk1.7.0_79\jre\bin\jdwp.dll
0x000000006a2c0000 - 0x000000006a2c8000 	D:\Software\java\jdk1.7.0_79\jre\bin\npt.dll
0x000000006a2a0000 - 0x000000006a2b5000 	D:\Software\java\jdk1.7.0_79\jre\bin\zip.dll
0x000000006a290000 - 0x000000006a299000 	D:\Software\java\jdk1.7.0_79\jre\bin\dt_socket.dll
0x00007fffc1380000 - 0x00007fffc139c000 	C:\Windows\system32\PrxerNsp.dll
0x00007fffcd8f0000 - 0x00007fffcd94c000 	C:\Windows\System32\mswsock.dll
0x00007fffcd6b0000 - 0x00007fffcd751000 	C:\Windows\SYSTEM32\DNSAPI.dll
0x00007fffd18a0000 - 0x00007fffd18a8000 	C:\Windows\System32\NSI.dll
0x00007fffcd670000 - 0x00007fffcd6a8000 	C:\Windows\SYSTEM32\IPHLPAPI.DLL
0x00007fffcb350000 - 0x00007fffcb366000 	C:\Windows\system32\napinsp.dll
0x00007fffcb330000 - 0x00007fffcb34a000 	C:\Windows\system32\pnrpnsp.dll
0x00007fffcb7a0000 - 0x00007fffcb7b8000 	C:\Windows\system32\NLAapi.dll
0x00007fffcb320000 - 0x00007fffcb32e000 	C:\Windows\System32\winrnr.dll
0x00007fffcb300000 - 0x00007fffcb315000 	C:\Windows\System32\wshbth.dll
0x00007fffc64b0000 - 0x00007fffc651a000 	C:\Windows\System32\fwpuclnt.dll
0x00007fffcdba0000 - 0x00007fffcdbcb000 	C:\Windows\SYSTEM32\bcrypt.dll
0x00007fffc1360000 - 0x00007fffc136a000 	C:\Windows\System32\rasadhlp.dll
0x000000006a270000 - 0x000000006a28a000 	D:\Software\java\jdk1.7.0_79\jre\bin\net.dll
0x000000006a250000 - 0x000000006a261000 	D:\Software\java\jdk1.7.0_79\jre\bin\nio.dll
0x00007fffcda90000 - 0x00007fffcdaa7000 	C:\Windows\SYSTEM32\CRYPTSP.dll
0x00007fffcd4f0000 - 0x00007fffcd523000 	C:\Windows\system32\rsaenh.dll
0x00007fffcd770000 - 0x00007fffcd78f000 	C:\Windows\SYSTEM32\USERENV.dll
0x00007fffcdff0000 - 0x00007fffce004000 	C:\Windows\System32\profapi.dll
0x00007fffcdab0000 - 0x00007fffcdabb000 	C:\Windows\SYSTEM32\CRYPTBASE.dll
0x00007fffc8390000 - 0x00007fffc83a6000 	C:\Windows\SYSTEM32\dhcpcsvc6.DLL
0x00007fffc8370000 - 0x00007fffc838a000 	C:\Windows\SYSTEM32\dhcpcsvc.DLL
0x000000006a240000 - 0x000000006a24b000 	D:\Software\java\jdk1.7.0_79\jre\bin\management.dll

VM Arguments:
jvm_args: -agentlib:jdwp=transport=dt_socket,suspend=y,address=localhost:4032 -Dmaven.home=D:\Software\apache-maven-3.3.9 -Dclassworlds.conf=E:\ChuanZhi\mall\.metadata\.plugins\org.eclipse.m2e.launching\launches\m2conf2601542950425256400.tmp -Dmaven.multiModuleProjectDirectory=E:\ChuanZhi\mall\e3-portal-web -Dfile.encoding=UTF-8 
java_command: org.codehaus.plexus.classworlds.launcher.Launcher -B -s D:\Software\apache-maven-3.3.9\conf\settings.xml clean tomcat7:run
Launcher Type: SUN_STANDARD

Environment Variables:
JAVA_HOME=D:\Software\java\jdk1.7.0_79
PATH=D:\Software\java\jdk1.7.0_79\jre\bin;D:\Program Files\Python36\Scripts\;D:\Program Files\Python36\;D:\app\FANTASY\product\11.2.0\dbhome_1\bin;C:\Windows\system32;C:\Windows;C:\Windows\System32\Wbem;C:\Windows\System32\WindowsPowerShell\v1.0\;D:\Software\java\jdk1.7.0_79\bin;D:\Software\apache-maven-3.3.9\bin;C:\shortcut;C:\Program Files\MySQL\MySQL Server 5.6\bin;D:\Program Files\erl9.3\bin;D:\Program Files\Git\cmd;D:\Program Files\erl9.3\bin;D:\Program Files\RabbitMQ Server\rabbitmq_server-3.7.4\sbin;C:\Users\FANTASY\AppData\Local\Microsoft\WindowsApps;
USERNAME=FANTASY
OS=Windows_NT
PROCESSOR_IDENTIFIER=AMD64 Family 21 Model 19 Stepping 1, AuthenticAMD



---------------  S Y S T E M  ---------------

OS: Windows 8.1 , 64 bit Build 9600 

CPU:total 4 (4 cores per cpu, 1 threads per core) family 21 model 19 stepping 1, cmov, cx8, fxsr, mmx, sse, sse2, sse3, ssse3, sse4.1, sse4.2, popcnt, avx, aes, mmxext, 3dnowpref, lzcnt, sse4a, tsc, tscinvbit, tscinv

Memory: 4k page, physical 7496452k(985624k free), swap 13876172k(7376k free)

vm_info: Java HotSpot(TM) 64-Bit Server VM (24.79-b02) for windows-amd64 JRE (1.7.0_79-b15), built on Apr 10 2015 12:36:16 by "java_re" with unknown MS VC++:1600

time: Sun Apr 29 23:10:40 2018
elapsed time: 704 seconds

